<?xml version="1.0" encoding="UTF-8"?>
<coverage generated="1784778587345" clover="3.2.0">
  <project timestamp="1784778587345" name="All files">
    <metrics statements="48" coveredstatements="41" conditionals="22" coveredconditionals="21" methods="14" coveredmethods="9" elements="84" coveredelements="71" complexity="0" loc="48" ncloc="48" packages="1" files="2" classes="2"/>
    <file name="client.ts" path="D:\Windows\melis\Documentos\Melis\Topicos program\Proyecto2026\Proyecto-TopicosPRG-202625-Mel\src\client.ts">
      <metrics statements="44" coveredstatements="37" conditionals="22" coveredconditionals="21" methods="13" coveredmethods="8"/>
      <line num="8" count="1" type="stmt"/>
      <line num="10" count="1" type="stmt"/>
      <line num="18" count="2" type="stmt"/>
      <line num="26" count="6" type="stmt"/>
      <line num="28" count="6" type="stmt"/>
      <line num="35" count="6" type="stmt"/>
      <line num="43" count="0" type="stmt"/>
      <line num="51" count="0" type="stmt"/>
      <line num="69" count="6" type="cond" truecount="1" falsecount="1"/>
      <line num="72" count="6" type="stmt"/>
      <line num="78" count="6" type="stmt"/>
      <line num="79" count="6" type="stmt"/>
      <line num="80" count="0" type="stmt"/>
      <line num="84" count="6" type="cond" truecount="2" falsecount="0"/>
      <line num="85" count="6" type="cond" truecount="2" falsecount="0"/>
      <line num="91" count="6" type="stmt"/>
      <line num="92" count="8" type="stmt"/>
      <line num="93" count="8" type="stmt"/>
      <line num="95" count="8" type="stmt"/>
      <line num="96" count="8" type="stmt"/>
      <line num="102" count="7" type="cond" truecount="2" falsecount="0"/>
      <line num="103" count="5" type="stmt"/>
      <line num="109" count="2" type="stmt"/>
      <line num="112" count="2" type="stmt"/>
      <line num="117" count="2" type="stmt"/>
      <line num="118" count="0" type="stmt"/>
      <line num="121" count="2" type="stmt"/>
      <line num="123" count="6" type="stmt"/>
      <line num="126" count="6" type="cond" truecount="4" falsecount="0"/>
      <line num="127" count="1" type="stmt"/>
      <line num="131" count="5" type="stmt"/>
      <line num="135" count="6" type="cond" truecount="2" falsecount="0"/>
      <line num="136" count="2" type="stmt"/>
      <line num="140" count="4" type="cond" truecount="2" falsecount="0"/>
      <line num="141" count="2" type="stmt"/>
      <line num="142" count="2" type="stmt"/>
      <line num="145" count="8" type="stmt"/>
      <line num="148" count="2" type="stmt"/>
      <line num="158" count="6" type="stmt"/>
      <line num="174" count="5" type="stmt"/>
      <line num="190" count="1" type="stmt"/>
      <line num="214" count="0" type="stmt"/>
      <line num="238" count="0" type="stmt"/>
      <line num="257" count="0" type="stmt"/>
    </file>
    <file name="errors.ts" path="D:\Windows\melis\Documentos\Melis\Topicos program\Proyecto2026\Proyecto-TopicosPRG-202625-Mel\src\errors.ts">
      <metrics statements="4" coveredstatements="4" conditionals="0" coveredconditionals="0" methods="1" coveredmethods="1"/>
      <line num="14" count="6" type="stmt"/>
      <line num="15" count="6" type="stmt"/>
      <line num="16" count="6" type="stmt"/>
      <line num="18" count="6" type="stmt"/>
    </file>
  </project>
</coverage>
