{"D:\\Windows\\melis\\Documentos\\Melis\\Topicos program\\Proyecto2026\\Proyecto-TopicosPRG-202625-Mel\\src\\client.ts": {"path":"D:\\Windows\\melis\\Documentos\\Melis\\Topicos program\\Proyecto2026\\Proyecto-TopicosPRG-202625-Mel\\src\\client.ts","statementMap":{"0":{"start":{"line":8,"column":24},"end":{"line":8,"column":29}},"1":{"start":{"line":10,"column":28},"end":{"line":10,"column":31}},"2":{"start":{"line":18,"column":2},"end":{"line":18,"column":59}},"3":{"start":{"line":18,"column":34},"end":{"line":18,"column":57}},"4":{"start":{"line":26,"column":63},"end":{"line":26,"column":65}},"5":{"start":{"line":28,"column":65},"end":{"line":28,"column":67}},"6":{"start":{"line":35,"column":4},"end":{"line":35,"column":25}},"7":{"start":{"line":43,"column":4},"end":{"line":43,"column":47}},"8":{"start":{"line":51,"column":4},"end":{"line":51,"column":48}},"9":{"start":{"line":69,"column":20},"end":{"line":69,"column":78}},"10":{"start":{"line":72,"column":26},"end":{"line":75,"column":6}},"11":{"start":{"line":78,"column":25},"end":{"line":78,"column":74}},"12":{"start":{"line":81,"column":36},"end":{"line":81,"column":74}},"13":{"start":{"line":82,"column":4},"end":{"line":84,"column":5}},"14":{"start":{"line":83,"column":6},"end":{"line":83,"column":47}},"15":{"start":{"line":87,"column":23},"end":{"line":87,"column":47}},"16":{"start":{"line":88,"column":23},"end":{"line":88,"column":68}},"17":{"start":{"line":94,"column":4},"end":{"line":150,"column":5}},"18":{"start":{"line":94,"column":23},"end":{"line":94,"column":24}},"19":{"start":{"line":95,"column":25},"end":{"line":95,"column":46}},"20":{"start":{"line":96,"column":24},"end":{"line":96,"column":74}},"21":{"start":{"line":96,"column":41},"end":{"line":96,"column":59}},"22":{"start":{"line":98,"column":6},"end":{"line":149,"column":7}},"23":{"start":{"line":99,"column":25},"end":{"line":102,"column":10}},"24":{"start":{"line":105,"column":8},"end":{"line":110,"column":9}},"25":{"start":{"line":106,"column":10},"end":{"line":109,"column":12}},"26":{"start":{"line":112,"column":22},"end":{"line":112,"column":43}},"27":{"start":{"line":115,"column":48},"end":{"line":119,"column":10}},"28":{"start":{"line":120,"column":8},"end":{"line":122,"column":9}},"29":{"start":{"line":121,"column":10},"end":{"line":121,"column":39}},"30":{"start":{"line":124,"column":8},"end":{"line":124,"column":45}},"31":{"start":{"line":126,"column":8},"end":{"line":126,"column":32}},"32":{"start":{"line":129,"column":8},"end":{"line":135,"column":9}},"33":{"start":{"line":130,"column":10},"end":{"line":132,"column":12}},"34":{"start":{"line":134,"column":10},"end":{"line":134,"column":28}},"35":{"start":{"line":138,"column":8},"end":{"line":140,"column":9}},"36":{"start":{"line":139,"column":10},"end":{"line":139,"column":22}},"37":{"start":{"line":143,"column":8},"end":{"line":146,"column":9}},"38":{"start":{"line":144,"column":10},"end":{"line":144,"column":34}},"39":{"start":{"line":145,"column":10},"end":{"line":145,"column":19}},"40":{"start":{"line":148,"column":8},"end":{"line":148,"column":32}},"41":{"start":{"line":151,"column":4},"end":{"line":151,"column":20}},"42":{"start":{"line":161,"column":4},"end":{"line":166,"column":6}},"43":{"start":{"line":177,"column":4},"end":{"line":177,"column":60}},"44":{"start":{"line":193,"column":4},"end":{"line":201,"column":6}},"45":{"start":{"line":217,"column":4},"end":{"line":225,"column":6}},"46":{"start":{"line":241,"column":4},"end":{"line":249,"column":6}},"47":{"start":{"line":260,"column":4},"end":{"line":260,"column":63}}},"fnMap":{"0":{"name":"delay","decl":{"start":{"line":17,"column":9},"end":{"line":17,"column":14}},"loc":{"start":{"line":17,"column":25},"end":{"line":19,"column":1}}},"1":{"name":"(anonymous_1)","decl":{"start":{"line":18,"column":21},"end":{"line":18,"column":22}},"loc":{"start":{"line":18,"column":34},"end":{"line":18,"column":57}}},"2":{"name":"(anonymous_2)","decl":{"start":{"line":34,"column":2},"end":{"line":34,"column":14}},"loc":{"start":{"line":34,"column":41},"end":{"line":36,"column":3}}},"3":{"name":"(anonymous_3)","decl":{"start":{"line":42,"column":9},"end":{"line":42,"column":30}},"loc":{"start":{"line":42,"column":62},"end":{"line":44,"column":3}}},"4":{"name":"(anonymous_4)","decl":{"start":{"line":50,"column":9},"end":{"line":50,"column":31}},"loc":{"start":{"line":50,"column":64},"end":{"line":52,"column":3}}},"5":{"name":"(anonymous_5)","decl":{"start":{"line":63,"column":10},"end":{"line":63,"column":15}},"loc":{"start":{"line":66,"column":20},"end":{"line":152,"column":3}}},"6":{"name":"(anonymous_6)","decl":{"start":{"line":96,"column":35},"end":{"line":96,"column":38}},"loc":{"start":{"line":96,"column":41},"end":{"line":96,"column":59}}},"7":{"name":"(anonymous_7)","decl":{"start":{"line":160,"column":10},"end":{"line":160,"column":23}},"loc":{"start":{"line":160,"column":38},"end":{"line":167,"column":3}}},"8":{"name":"(anonymous_8)","decl":{"start":{"line":176,"column":9},"end":{"line":176,"column":14}},"loc":{"start":{"line":176,"column":51},"end":{"line":178,"column":3}}},"9":{"name":"(anonymous_9)","decl":{"start":{"line":188,"column":9},"end":{"line":188,"column":14}},"loc":{"start":{"line":191,"column":20},"end":{"line":202,"column":3}}},"10":{"name":"(anonymous_10)","decl":{"start":{"line":212,"column":9},"end":{"line":212,"column":14}},"loc":{"start":{"line":215,"column":20},"end":{"line":226,"column":3}}},"11":{"name":"(anonymous_11)","decl":{"start":{"line":236,"column":9},"end":{"line":236,"column":14}},"loc":{"start":{"line":239,"column":20},"end":{"line":250,"column":3}}},"12":{"name":"(anonymous_12)","decl":{"start":{"line":259,"column":9},"end":{"line":259,"column":14}},"loc":{"start":{"line":259,"column":54},"end":{"line":261,"column":3}}}},"branchMap":{"0":{"loc":{"start":{"line":34,"column":14},"end":{"line":34,"column":41}},"type":"default-arg","locations":[{"start":{"line":34,"column":39},"end":{"line":34,"column":41}}]},"1":{"loc":{"start":{"line":69,"column":20},"end":{"line":69,"column":78}},"type":"cond-expr","locations":[{"start":{"line":69,"column":42},"end":{"line":69,"column":72}},{"start":{"line":69,"column":75},"end":{"line":69,"column":78}}]},"2":{"loc":{"start":{"line":78,"column":25},"end":{"line":78,"column":74}},"type":"binary-expr","locations":[{"start":{"line":78,"column":25},"end":{"line":78,"column":32}},{"start":{"line":78,"column":36},"end":{"line":78,"column":55}},{"start":{"line":78,"column":59},"end":{"line":78,"column":74}}]},"3":{"loc":{"start":{"line":87,"column":23},"end":{"line":87,"column":47}},"type":"binary-expr","locations":[{"start":{"line":87,"column":23},"end":{"line":87,"column":42}},{"start":{"line":87,"column":46},"end":{"line":87,"column":47}}]},"4":{"loc":{"start":{"line":88,"column":23},"end":{"line":88,"column":68}},"type":"binary-expr","locations":[{"start":{"line":88,"column":23},"end":{"line":88,"column":45}},{"start":{"line":88,"column":49},"end":{"line":88,"column":68}}]},"5":{"loc":{"start":{"line":105,"column":8},"end":{"line":110,"column":9}},"type":"if","locations":[{"start":{"line":105,"column":8},"end":{"line":110,"column":9}},{"start":{},"end":{}}]},"6":{"loc":{"start":{"line":129,"column":8},"end":{"line":135,"column":9}},"type":"if","locations":[{"start":{"line":129,"column":8},"end":{"line":135,"column":9}},{"start":{"line":133,"column":15},"end":{"line":135,"column":9}}]},"7":{"loc":{"start":{"line":129,"column":12},"end":{"line":129,"column":65}},"type":"binary-expr","locations":[{"start":{"line":129,"column":12},"end":{"line":129,"column":34}},{"start":{"line":129,"column":38},"end":{"line":129,"column":65}}]},"8":{"loc":{"start":{"line":138,"column":8},"end":{"line":140,"column":9}},"type":"if","locations":[{"start":{"line":138,"column":8},"end":{"line":140,"column":9}},{"start":{},"end":{}}]},"9":{"loc":{"start":{"line":143,"column":8},"end":{"line":146,"column":9}},"type":"if","locations":[{"start":{"line":143,"column":8},"end":{"line":146,"column":9}},{"start":{},"end":{}}]},"10":{"loc":{"start":{"line":162,"column":6},"end":{"line":165,"column":24}},"type":"binary-expr","locations":[{"start":{"line":162,"column":6},"end":{"line":162,"column":36}},{"start":{"line":163,"column":6},"end":{"line":163,"column":32}},{"start":{"line":164,"column":6},"end":{"line":164,"column":25}},{"start":{"line":165,"column":6},"end":{"line":165,"column":24}}]}},"s":{"0":1,"1":1,"2":2,"3":2,"4":12,"5":12,"6":12,"7":1,"8":1,"9":12,"10":12,"11":12,"12":12,"13":12,"14":1,"15":12,"16":12,"17":12,"18":12,"19":14,"20":14,"21":2,"22":14,"23":14,"24":12,"25":5,"26":7,"27":7,"28":7,"29":1,"30":7,"31":7,"32":7,"33":2,"34":5,"35":7,"36":2,"37":5,"38":2,"39":2,"40":14,"41":3,"42":7,"43":8,"44":1,"45":1,"46":1,"47":1},"f":{"0":2,"1":2,"2":12,"3":1,"4":1,"5":12,"6":2,"7":7,"8":8,"9":1,"10":1,"11":1,"12":1},"b":{"0":[9],"1":[0,12],"2":[12,11,10],"3":[12,10],"4":[12,11],"5":[5,7],"6":[2,5],"7":[7,7],"8":[2,5],"9":[2,3],"10":[7,5,5,5]}}
,"D:\\Windows\\melis\\Documentos\\Melis\\Topicos program\\Proyecto2026\\Proyecto-TopicosPRG-202625-Mel\\src\\errors.ts": {"path":"D:\\Windows\\melis\\Documentos\\Melis\\Topicos program\\Proyecto2026\\Proyecto-TopicosPRG-202625-Mel\\src\\errors.ts","statementMap":{"0":{"start":{"line":14,"column":4},"end":{"line":14,"column":19}},"1":{"start":{"line":15,"column":4},"end":{"line":15,"column":32}},"2":{"start":{"line":16,"column":4},"end":{"line":16,"column":25}},"3":{"start":{"line":18,"column":4},"end":{"line":18,"column":57}}},"fnMap":{"0":{"name":"(anonymous_0)","decl":{"start":{"line":13,"column":2},"end":{"line":13,"column":14}},"loc":{"start":{"line":13,"column":46},"end":{"line":19,"column":3}}}},"branchMap":{},"s":{"0":7,"1":7,"2":7,"3":7},"f":{"0":7},"b":{}}
}
