{"D:\\Windows\\melis\\Documentos\\Melis\\Topicos program\\Proyecto2026\\Proyecto-TopicosPRG-202625-Mel\\src\\client.ts": {"path":"D:\\Windows\\melis\\Documentos\\Melis\\Topicos program\\Proyecto2026\\Proyecto-TopicosPRG-202625-Mel\\src\\client.ts","statementMap":{"0":{"start":{"line":8,"column":24},"end":{"line":8,"column":29}},"1":{"start":{"line":10,"column":28},"end":{"line":10,"column":31}},"2":{"start":{"line":18,"column":2},"end":{"line":18,"column":59}},"3":{"start":{"line":18,"column":34},"end":{"line":18,"column":57}},"4":{"start":{"line":26,"column":63},"end":{"line":26,"column":65}},"5":{"start":{"line":28,"column":65},"end":{"line":28,"column":67}},"6":{"start":{"line":35,"column":4},"end":{"line":35,"column":25}},"7":{"start":{"line":43,"column":4},"end":{"line":43,"column":47}},"8":{"start":{"line":51,"column":4},"end":{"line":51,"column":48}},"9":{"start":{"line":69,"column":20},"end":{"line":69,"column":78}},"10":{"start":{"line":72,"column":26},"end":{"line":75,"column":6}},"11":{"start":{"line":78,"column":25},"end":{"line":78,"column":74}},"12":{"start":{"line":81,"column":36},"end":{"line":81,"column":74}},"13":{"start":{"line":82,"column":4},"end":{"line":84,"column":5}},"14":{"start":{"line":83,"column":6},"end":{"line":83,"column":47}},"15":{"start":{"line":87,"column":23},"end":{"line":87,"column":47}},"16":{"start":{"line":88,"column":23},"end":{"line":88,"column":68}},"17":{"start":{"line":94,"column":4},"end":{"line":152,"column":5}},"18":{"start":{"line":94,"column":23},"end":{"line":94,"column":24}},"19":{"start":{"line":95,"column":25},"end":{"line":95,"column":46}},"20":{"start":{"line":96,"column":24},"end":{"line":96,"column":74}},"21":{"start":{"line":96,"column":41},"end":{"line":96,"column":59}},"22":{"start":{"line":98,"column":6},"end":{"line":151,"column":7}},"23":{"start":{"line":99,"column":25},"end":{"line":102,"column":10}},"24":{"start":{"line":105,"column":8},"end":{"line":110,"column":9}},"25":{"start":{"line":106,"column":10},"end":{"line":109,"column":12}},"26":{"start":{"line":114,"column":10},"end":{"line":114,"column":64}},"27":{"start":{"line":118,"column":48},"end":{"line":122,"column":10}},"28":{"start":{"line":123,"column":8},"end":{"line":125,"column":9}},"29":{"start":{"line":124,"column":10},"end":{"line":124,"column":39}},"30":{"start":{"line":127,"column":8},"end":{"line":127,"column":45}},"31":{"start":{"line":131,"column":8},"end":{"line":137,"column":9}},"32":{"start":{"line":132,"column":10},"end":{"line":134,"column":12}},"33":{"start":{"line":136,"column":10},"end":{"line":136,"column":28}},"34":{"start":{"line":140,"column":8},"end":{"line":142,"column":9}},"35":{"start":{"line":141,"column":10},"end":{"line":141,"column":22}},"36":{"start":{"line":145,"column":8},"end":{"line":148,"column":9}},"37":{"start":{"line":146,"column":10},"end":{"line":146,"column":34}},"38":{"start":{"line":147,"column":10},"end":{"line":147,"column":19}},"39":{"start":{"line":150,"column":8},"end":{"line":150,"column":32}},"40":{"start":{"line":153,"column":4},"end":{"line":153,"column":20}},"41":{"start":{"line":163,"column":4},"end":{"line":168,"column":6}},"42":{"start":{"line":179,"column":4},"end":{"line":179,"column":60}},"43":{"start":{"line":195,"column":4},"end":{"line":203,"column":6}},"44":{"start":{"line":219,"column":4},"end":{"line":227,"column":6}},"45":{"start":{"line":243,"column":4},"end":{"line":251,"column":6}},"46":{"start":{"line":262,"column":4},"end":{"line":262,"column":63}}},"fnMap":{"0":{"name":"delay","decl":{"start":{"line":17,"column":9},"end":{"line":17,"column":14}},"loc":{"start":{"line":17,"column":25},"end":{"line":19,"column":1}}},"1":{"name":"(anonymous_1)","decl":{"start":{"line":18,"column":21},"end":{"line":18,"column":22}},"loc":{"start":{"line":18,"column":34},"end":{"line":18,"column":57}}},"2":{"name":"(anonymous_2)","decl":{"start":{"line":34,"column":2},"end":{"line":34,"column":14}},"loc":{"start":{"line":34,"column":41},"end":{"line":36,"column":3}}},"3":{"name":"(anonymous_3)","decl":{"start":{"line":42,"column":9},"end":{"line":42,"column":30}},"loc":{"start":{"line":42,"column":62},"end":{"line":44,"column":3}}},"4":{"name":"(anonymous_4)","decl":{"start":{"line":50,"column":9},"end":{"line":50,"column":31}},"loc":{"start":{"line":50,"column":64},"end":{"line":52,"column":3}}},"5":{"name":"(anonymous_5)","decl":{"start":{"line":63,"column":10},"end":{"line":63,"column":15}},"loc":{"start":{"line":66,"column":20},"end":{"line":154,"column":3}}},"6":{"name":"(anonymous_6)","decl":{"start":{"line":96,"column":35},"end":{"line":96,"column":38}},"loc":{"start":{"line":96,"column":41},"end":{"line":96,"column":59}}},"7":{"name":"(anonymous_7)","decl":{"start":{"line":162,"column":10},"end":{"line":162,"column":23}},"loc":{"start":{"line":162,"column":38},"end":{"line":169,"column":3}}},"8":{"name":"(anonymous_8)","decl":{"start":{"line":178,"column":9},"end":{"line":178,"column":14}},"loc":{"start":{"line":178,"column":51},"end":{"line":180,"column":3}}},"9":{"name":"(anonymous_9)","decl":{"start":{"line":190,"column":9},"end":{"line":190,"column":14}},"loc":{"start":{"line":193,"column":20},"end":{"line":204,"column":3}}},"10":{"name":"(anonymous_10)","decl":{"start":{"line":214,"column":9},"end":{"line":214,"column":14}},"loc":{"start":{"line":217,"column":20},"end":{"line":228,"column":3}}},"11":{"name":"(anonymous_11)","decl":{"start":{"line":238,"column":9},"end":{"line":238,"column":14}},"loc":{"start":{"line":241,"column":20},"end":{"line":252,"column":3}}},"12":{"name":"(anonymous_12)","decl":{"start":{"line":261,"column":9},"end":{"line":261,"column":14}},"loc":{"start":{"line":261,"column":54},"end":{"line":263,"column":3}}}},"branchMap":{"0":{"loc":{"start":{"line":34,"column":14},"end":{"line":34,"column":41}},"type":"default-arg","locations":[{"start":{"line":34,"column":39},"end":{"line":34,"column":41}}]},"1":{"loc":{"start":{"line":69,"column":20},"end":{"line":69,"column":78}},"type":"cond-expr","locations":[{"start":{"line":69,"column":42},"end":{"line":69,"column":72}},{"start":{"line":69,"column":75},"end":{"line":69,"column":78}}]},"2":{"loc":{"start":{"line":78,"column":25},"end":{"line":78,"column":74}},"type":"binary-expr","locations":[{"start":{"line":78,"column":25},"end":{"line":78,"column":32}},{"start":{"line":78,"column":36},"end":{"line":78,"column":55}},{"start":{"line":78,"column":59},"end":{"line":78,"column":74}}]},"3":{"loc":{"start":{"line":87,"column":23},"end":{"line":87,"column":47}},"type":"binary-expr","locations":[{"start":{"line":87,"column":23},"end":{"line":87,"column":42}},{"start":{"line":87,"column":46},"end":{"line":87,"column":47}}]},"4":{"loc":{"start":{"line":88,"column":23},"end":{"line":88,"column":68}},"type":"binary-expr","locations":[{"start":{"line":88,"column":23},"end":{"line":88,"column":45}},{"start":{"line":88,"column":49},"end":{"line":88,"column":68}}]},"5":{"loc":{"start":{"line":105,"column":8},"end":{"line":110,"column":9}},"type":"if","locations":[{"start":{"line":105,"column":8},"end":{"line":110,"column":9}},{"start":{},"end":{}}]},"6":{"loc":{"start":{"line":114,"column":10},"end":{"line":114,"column":64}},"type":"cond-expr","locations":[{"start":{"line":114,"column":36},"end":{"line":114,"column":40}},{"start":{"line":114,"column":43},"end":{"line":114,"column":64}}]},"7":{"loc":{"start":{"line":131,"column":8},"end":{"line":137,"column":9}},"type":"if","locations":[{"start":{"line":131,"column":8},"end":{"line":137,"column":9}},{"start":{"line":135,"column":15},"end":{"line":137,"column":9}}]},"8":{"loc":{"start":{"line":131,"column":12},"end":{"line":131,"column":65}},"type":"binary-expr","locations":[{"start":{"line":131,"column":12},"end":{"line":131,"column":34}},{"start":{"line":131,"column":38},"end":{"line":131,"column":65}}]},"9":{"loc":{"start":{"line":140,"column":8},"end":{"line":142,"column":9}},"type":"if","locations":[{"start":{"line":140,"column":8},"end":{"line":142,"column":9}},{"start":{},"end":{}}]},"10":{"loc":{"start":{"line":145,"column":8},"end":{"line":148,"column":9}},"type":"if","locations":[{"start":{"line":145,"column":8},"end":{"line":148,"column":9}},{"start":{},"end":{}}]},"11":{"loc":{"start":{"line":164,"column":6},"end":{"line":167,"column":24}},"type":"binary-expr","locations":[{"start":{"line":164,"column":6},"end":{"line":164,"column":36}},{"start":{"line":165,"column":6},"end":{"line":165,"column":32}},{"start":{"line":166,"column":6},"end":{"line":166,"column":25}},{"start":{"line":167,"column":6},"end":{"line":167,"column":24}}]}},"s":{"0":1,"1":1,"2":2,"3":2,"4":13,"5":13,"6":13,"7":1,"8":1,"9":13,"10":13,"11":13,"12":13,"13":13,"14":1,"15":13,"16":13,"17":13,"18":13,"19":15,"20":15,"21":2,"22":15,"23":15,"24":13,"25":5,"26":8,"27":8,"28":8,"29":1,"30":8,"31":7,"32":2,"33":5,"34":7,"35":2,"36":5,"37":2,"38":2,"39":15,"40":3,"41":7,"42":8,"43":1,"44":1,"45":1,"46":2},"f":{"0":2,"1":2,"2":13,"3":1,"4":1,"5":13,"6":2,"7":7,"8":8,"9":1,"10":1,"11":1,"12":2},"b":{"0":[10],"1":[0,13],"2":[13,12,11],"3":[13,11],"4":[13,12],"5":[5,8],"6":[1,7],"7":[2,5],"8":[7,7],"9":[2,5],"10":[2,3],"11":[7,5,5,5]}}
,"D:\\Windows\\melis\\Documentos\\Melis\\Topicos program\\Proyecto2026\\Proyecto-TopicosPRG-202625-Mel\\src\\errors.ts": {"path":"D:\\Windows\\melis\\Documentos\\Melis\\Topicos program\\Proyecto2026\\Proyecto-TopicosPRG-202625-Mel\\src\\errors.ts","statementMap":{"0":{"start":{"line":14,"column":4},"end":{"line":14,"column":19}},"1":{"start":{"line":15,"column":4},"end":{"line":15,"column":32}},"2":{"start":{"line":16,"column":4},"end":{"line":16,"column":25}},"3":{"start":{"line":18,"column":4},"end":{"line":18,"column":57}}},"fnMap":{"0":{"name":"(anonymous_0)","decl":{"start":{"line":13,"column":2},"end":{"line":13,"column":14}},"loc":{"start":{"line":13,"column":46},"end":{"line":19,"column":3}}}},"branchMap":{},"s":{"0":7,"1":7,"2":7,"3":7},"f":{"0":7},"b":{}}
}
