TN:
SF:src\client.ts
FN:17,delay
FN:18,(anonymous_1)
FN:34,(anonymous_2)
FN:42,(anonymous_3)
FN:50,(anonymous_4)
FN:63,(anonymous_5)
FN:96,(anonymous_6)
FN:160,(anonymous_7)
FN:176,(anonymous_8)
FN:188,(anonymous_9)
FN:212,(anonymous_10)
FN:236,(anonymous_11)
FN:259,(anonymous_12)
FNF:13
FNH:13
FNDA:2,delay
FNDA:2,(anonymous_1)
FNDA:12,(anonymous_2)
FNDA:1,(anonymous_3)
FNDA:1,(anonymous_4)
FNDA:12,(anonymous_5)
FNDA:2,(anonymous_6)
FNDA:7,(anonymous_7)
FNDA:8,(anonymous_8)
FNDA:1,(anonymous_9)
FNDA:1,(anonymous_10)
FNDA:1,(anonymous_11)
FNDA:1,(anonymous_12)
DA:8,1
DA:10,1
DA:18,2
DA:26,12
DA:28,12
DA:35,12
DA:43,1
DA:51,1
DA:69,12
DA:72,12
DA:78,12
DA:81,12
DA:82,12
DA:83,1
DA:87,12
DA:88,12
DA:94,12
DA:95,14
DA:96,14
DA:98,14
DA:99,14
DA:105,12
DA:106,5
DA:112,7
DA:115,7
DA:120,7
DA:121,1
DA:124,7
DA:126,7
DA:129,7
DA:130,2
DA:134,5
DA:138,7
DA:139,2
DA:143,5
DA:144,2
DA:145,2
DA:148,14
DA:151,3
DA:161,7
DA:177,8
DA:193,1
DA:217,1
DA:241,1
DA:260,1
LF:45
LH:45
BRDA:34,0,0,9
BRDA:69,1,0,0
BRDA:69,1,1,12
BRDA:78,2,0,12
BRDA:78,2,1,11
BRDA:78,2,2,10
BRDA:87,3,0,12
BRDA:87,3,1,10
BRDA:88,4,0,12
BRDA:88,4,1,11
BRDA:105,5,0,5
BRDA:105,5,1,7
BRDA:129,6,0,2
BRDA:129,6,1,5
BRDA:129,7,0,7
BRDA:129,7,1,7
BRDA:138,8,0,2
BRDA:138,8,1,5
BRDA:143,9,0,2
BRDA:143,9,1,3
BRDA:162,10,0,7
BRDA:162,10,1,5
BRDA:162,10,2,5
BRDA:162,10,3,5
BRF:24
BRH:23
end_of_record
TN:
SF:src\errors.ts
FN:13,(anonymous_0)
FNF:1
FNH:1
FNDA:7,(anonymous_0)
DA:14,7
DA:15,7
DA:16,7
DA:18,7
LF:4
LH:4
BRF:0
BRH:0
end_of_record
