TN:
SF:src\client.ts
FN:17,delay
FN:18,(anonymous_1)
FN:34,(anonymous_2)
FN:42,(anonymous_3)
FN:50,(anonymous_4)
FN:63,(anonymous_5)
FN:93,(anonymous_6)
FN:157,(anonymous_7)
FN:173,(anonymous_8)
FN:185,(anonymous_9)
FN:209,(anonymous_10)
FN:233,(anonymous_11)
FN:256,(anonymous_12)
FNF:13
FNH:8
FNDA:2,delay
FNDA:2,(anonymous_1)
FNDA:6,(anonymous_2)
FNDA:0,(anonymous_3)
FNDA:0,(anonymous_4)
FNDA:6,(anonymous_5)
FNDA:1,(anonymous_6)
FNDA:6,(anonymous_7)
FNDA:5,(anonymous_8)
FNDA:1,(anonymous_9)
FNDA:0,(anonymous_10)
FNDA:0,(anonymous_11)
FNDA:0,(anonymous_12)
DA:8,1
DA:10,1
DA:18,2
DA:26,6
DA:28,6
DA:35,6
DA:43,0
DA:51,0
DA:69,6
DA:72,6
DA:78,6
DA:79,6
DA:80,0
DA:84,6
DA:85,6
DA:91,6
DA:92,8
DA:93,8
DA:95,8
DA:96,8
DA:102,7
DA:103,5
DA:109,2
DA:112,2
DA:117,2
DA:118,0
DA:121,2
DA:123,6
DA:126,6
DA:127,1
DA:131,5
DA:135,6
DA:136,2
DA:140,4
DA:141,2
DA:142,2
DA:145,8
DA:148,2
DA:158,6
DA:174,5
DA:190,1
DA:214,0
DA:238,0
DA:257,0
LF:44
LH:37
BRDA:34,0,0,4
BRDA:66,1,0,5
BRDA:69,2,0,0
BRDA:69,2,1,6
BRDA:84,3,0,6
BRDA:84,3,1,4
BRDA:85,4,0,6
BRDA:85,4,1,5
BRDA:102,5,0,5
BRDA:102,5,1,2
BRDA:126,6,0,1
BRDA:126,6,1,5
BRDA:126,7,0,6
BRDA:126,7,1,6
BRDA:135,8,0,2
BRDA:135,8,1,4
BRDA:140,9,0,2
BRDA:140,9,1,2
BRDA:159,10,0,6
BRDA:159,10,1,5
BRDA:159,10,2,5
BRDA:159,10,3,5
BRF:22
BRH:21
end_of_record
TN:
SF:src\errors.ts
FN:13,(anonymous_0)
FNF:1
FNH:1
FNDA:6,(anonymous_0)
DA:14,6
DA:15,6
DA:16,6
DA:18,6
LF:4
LH:4
BRF:0
BRH:0
end_of_record
